mode: set
Goracle/keygen.go:15.36,17.16 2 1
Goracle/keygen.go:22.2,28.29 2 1
Goracle/keygen.go:17.16,20.3 2 0
Goracle/pipework.go:17.61,19.19 2 0
Goracle/pipework.go:22.2,23.12 2 0
Goracle/pipework.go:19.19,21.3 1 0
Goracle/docker_pool.go:18.44,21.16 3 1
Goracle/docker_pool.go:24.2,26.16 3 1
Goracle/docker_pool.go:29.2,29.25 1 1
Goracle/docker_pool.go:21.16,23.3 1 0
Goracle/docker_pool.go:26.16,28.3 1 0
Goracle/docker_pool.go:33.42,35.16 2 1
Goracle/docker_pool.go:38.2,38.48 1 1
Goracle/docker_pool.go:35.16,37.3 1 0
Goracle/docker_pool.go:42.54,43.28 1 1
Goracle/docker_pool.go:62.2,62.12 1 1
Goracle/docker_pool.go:43.28,46.17 2 1
Goracle/docker_pool.go:49.3,51.25 2 1
Goracle/docker_pool.go:54.3,58.17 3 1
Goracle/docker_pool.go:46.17,48.4 1 0
Goracle/docker_pool.go:51.25,53.4 1 1
Goracle/docker_pool.go:58.17,60.4 1 0
Goracle/docker_pool.go:66.51,68.16 2 1
Goracle/docker_pool.go:71.2,75.16 3 1
Goracle/docker_pool.go:78.2,78.12 1 1
Goracle/docker_pool.go:68.16,70.3 1 0
Goracle/docker_pool.go:75.16,77.3 1 0
Goracle/docker_pool.go:82.49,85.16 3 1
Goracle/docker_pool.go:88.2,93.12 4 1
Goracle/docker_pool.go:85.16,87.3 1 0
Goracle/docker_pool.go:96.54,105.16 5 1
Goracle/docker_pool.go:108.2,111.16 4 1
Goracle/docker_pool.go:114.2,115.25 2 1
Goracle/docker_pool.go:105.16,107.3 1 0
Goracle/docker_pool.go:111.16,113.3 1 0
Goracle/docker_pool.go:118.61,121.16 3 1
Goracle/docker_pool.go:124.2,124.38 1 1
Goracle/docker_pool.go:129.2,129.51 1 0
Goracle/docker_pool.go:121.16,123.3 1 0
Goracle/docker_pool.go:124.38,125.51 1 1
Goracle/docker_pool.go:125.51,127.4 1 1
Goracle/docker_pool.go:132.33,135.16 3 1
Goracle/docker_pool.go:141.2,143.38 3 1
Goracle/docker_pool.go:152.2,152.41 1 1
Goracle/docker_pool.go:135.16,137.3 1 0
Goracle/docker_pool.go:143.38,144.46 1 1
Goracle/docker_pool.go:147.3,147.50 1 1
Goracle/docker_pool.go:144.46,146.4 1 0
Goracle/docker_pool.go:147.50,150.4 2 1
Goracle/host.go:23.53,32.19 3 0
Goracle/host.go:36.5,37.19 2 0
Goracle/host.go:40.5,42.15 2 0
Goracle/host.go:50.5,50.63 1 0
Goracle/host.go:53.5,53.15 1 0
Goracle/host.go:32.19,34.6 1 0
Goracle/host.go:37.19,39.6 1 0
Goracle/host.go:42.15,49.6 6 0
Goracle/host.go:50.63,52.6 1 0
Goracle/host.go:58.65,62.16 4 1
Goracle/host.go:65.2,67.16 3 1
Goracle/host.go:70.2,70.24 1 1
Goracle/host.go:62.16,64.3 1 0
Goracle/host.go:67.16,69.3 1 0
Goracle/middleware.go:13.19,15.16 2 1
Goracle/middleware.go:19.2,19.21 1 1
Goracle/middleware.go:15.16,18.3 2 1
Goracle/middleware.go:22.121,24.16 2 1
Goracle/middleware.go:28.2,28.34 1 1
Goracle/middleware.go:24.16,27.3 2 1
Goracle/middleware.go:31.54,32.54 1 1
Goracle/middleware.go:32.54,35.3 2 1
Goracle/user.go:38.45,41.16 3 1
Goracle/user.go:44.2,48.16 5 1
Goracle/user.go:52.2,53.33 2 1
Goracle/user.go:68.2,68.12 1 1
Goracle/user.go:41.16,43.3 1 0
Goracle/user.go:48.16,50.3 1 0
Goracle/user.go:53.33,67.3 3 1
Goracle/utils.go:22.44,24.2 1 1
Goracle/utils.go:26.74,28.28 2 1
Goracle/utils.go:32.2,34.20 3 1
Goracle/utils.go:38.2,40.28 3 1
Goracle/utils.go:28.28,31.3 2 1
Goracle/utils.go:34.20,37.3 2 1
Goracle/utils.go:43.34,47.2 3 1
Goracle/auth.go:14.75,18.2 3 1
Goracle/auth.go:20.45,23.50 2 1
Goracle/auth.go:27.2,28.17 2 1
Goracle/auth.go:32.2,33.28 2 1
Goracle/auth.go:38.2,39.64 2 1
Goracle/auth.go:42.2,42.58 1 1
Goracle/auth.go:23.50,25.3 1 1
Goracle/auth.go:28.17,30.3 1 0
Goracle/auth.go:33.28,35.3 1 0
Goracle/auth.go:39.64,41.3 1 1
Goracle/auth.go:45.43,50.41 3 1
Goracle/auth.go:54.2,54.30 1 1
Goracle/auth.go:50.41,53.3 2 1
Goracle/auth.go:57.47,59.2 1 1
Goracle/auth.go:62.65,63.54 1 1
Goracle/auth.go:63.54,65.28 1 1
Goracle/auth.go:70.3,71.9 2 1
Goracle/auth.go:65.28,68.4 2 1
Goracle/db_mods.go:25.62,33.16 2 1
Goracle/db_mods.go:36.2,39.12 4 1
Goracle/db_mods.go:33.16,35.3 1 0
Goracle/db_mods.go:43.28,50.16 2 1
Goracle/db_mods.go:53.2,58.12 5 1
Goracle/db_mods.go:50.16,52.3 1 0
Goracle/db_mods.go:74.44,78.16 3 1
Goracle/db_mods.go:87.2,89.16 2 1
Goracle/db_mods.go:93.2,95.16 2 1
Goracle/db_mods.go:98.2,99.16 2 1
Goracle/db_mods.go:102.2,102.12 1 1
Goracle/db_mods.go:78.16,80.3 1 0
Goracle/db_mods.go:89.16,91.3 1 0
Goracle/db_mods.go:95.16,97.3 1 0
Goracle/db_mods.go:99.16,101.3 1 0
Goracle/nginx.go:35.61,42.2 4 1
Goracle/docker.go:130.42,143.36 2 1
Goracle/docker.go:143.36,145.3 1 1
Goracle/docker.go:148.60,153.22 1 1
Goracle/docker.go:174.2,174.15 1 1
Goracle/docker.go:153.22,155.17 2 1
Goracle/docker.go:164.3,165.29 2 1
Goracle/docker.go:155.17,157.18 2 0
Goracle/docker.go:160.4,162.17 3 0
Goracle/docker.go:157.18,159.5 1 0
Goracle/docker.go:166.4,168.17 2 0
Goracle/docker.go:171.3,172.29 2 0
Goracle/docker.go:168.17,170.4 1 0
Goracle/docker.go:178.105,184.16 4 1
Goracle/docker.go:188.2,190.16 3 1
Goracle/docker.go:203.2,203.17 1 1
Goracle/docker.go:206.2,208.16 3 1
Goracle/docker.go:211.2,211.23 1 1
Goracle/docker.go:184.16,186.3 1 0
Goracle/docker.go:190.16,192.3 1 0
Goracle/docker.go:203.17,205.3 1 1
Goracle/docker.go:208.16,210.3 1 0
Goracle/docker.go:214.65,218.16 4 1
Goracle/docker.go:221.2,221.18 1 1
Goracle/docker.go:218.16,220.3 1 0
Goracle/docker.go:224.64,228.16 4 1
Goracle/docker.go:231.2,231.18 1 1
Goracle/docker.go:228.16,230.3 1 0
Goracle/docker.go:234.63,238.16 4 1
Goracle/docker.go:241.2,241.18 1 1
Goracle/docker.go:238.16,240.3 1 0
Goracle/docker.go:248.61,263.16 4 1
Goracle/docker.go:267.2,269.16 2 1
Goracle/docker.go:272.2,272.28 1 1
Goracle/docker.go:280.2,282.16 3 1
Goracle/docker.go:285.2,289.16 4 1
Goracle/docker.go:293.2,294.16 2 1
Goracle/docker.go:297.2,297.16 1 1
Goracle/docker.go:263.16,265.3 1 0
Goracle/docker.go:269.16,271.3 1 0
Goracle/docker.go:272.28,275.17 2 0
Goracle/docker.go:278.3,278.77 1 0
Goracle/docker.go:275.17,277.4 1 0
Goracle/docker.go:282.16,284.3 1 0
Goracle/docker.go:289.16,291.3 1 0
Goracle/docker.go:294.16,296.3 1 0
Goracle/docker.go:308.49,312.16 4 1
Goracle/docker.go:315.2,315.29 1 1
Goracle/docker.go:319.2,319.28 1 1
Goracle/docker.go:323.2,323.28 1 1
Goracle/docker.go:331.2,333.16 3 1
Goracle/docker.go:342.2,344.12 3 1
Goracle/docker.go:312.16,314.3 1 0
Goracle/docker.go:315.29,318.3 2 1
Goracle/docker.go:319.28,322.3 2 1
Goracle/docker.go:323.28,325.17 2 0
Goracle/docker.go:328.3,329.74 2 0
Goracle/docker.go:325.17,327.4 1 0
Goracle/docker.go:333.16,337.17 4 0
Goracle/docker.go:340.3,340.68 1 0
Goracle/docker.go:337.17,339.4 1 0
Goracle/main.go:12.13,17.21 5 0
Goracle/main.go:22.2,22.28 1 0
Goracle/main.go:27.2,29.16 3 0
Goracle/main.go:33.2,42.47 7 0
Goracle/main.go:17.21,21.3 3 0
Goracle/main.go:22.28,26.3 3 0
Goracle/main.go:29.16,32.3 2 0
Goracle/routes.go:12.57,14.16 2 1
Goracle/routes.go:18.2,19.16 2 1
Goracle/routes.go:23.2,23.20 1 1
Goracle/routes.go:14.16,17.3 2 0
Goracle/routes.go:19.16,22.3 2 0
Goracle/routes.go:26.60,28.16 2 0
Goracle/routes.go:32.2,33.16 2 0
Goracle/routes.go:37.2,37.20 1 0
Goracle/routes.go:28.16,31.3 2 0
Goracle/routes.go:33.16,36.3 2 0
Goracle/routes.go:40.70,48.16 2 0
Goracle/routes.go:52.2,54.16 2 0
Goracle/routes.go:58.2,59.16 2 0
Goracle/routes.go:63.2,75.16 3 0
Goracle/routes.go:79.2,80.16 2 0
Goracle/routes.go:85.2,86.15 2 0
Goracle/routes.go:48.16,51.3 2 0
Goracle/routes.go:54.16,57.3 2 0
Goracle/routes.go:59.16,62.3 2 0
Goracle/routes.go:75.16,78.3 2 0
Goracle/routes.go:80.16,83.3 2 0
